[90m                                                                                [39m
[90m [39m                      === npm audit security report ===                       [90m [39m
[90m                                                                                [39m
# Run  npm update debug --depth 5  to resolve 1 vulnerability
[90m┌───────────────[39m[90m┬──────────────────────────────────────────────────────────────┐[39m
[90m│[39m Low           [90m│[39m Regular Expression Denial of Service                         [90m│[39m
[90m├───────────────[39m[90m┼──────────────────────────────────────────────────────────────┤[39m
[90m│[39m Package       [90m│[39m debug                                                        [90m│[39m
[90m├───────────────[39m[90m┼──────────────────────────────────────────────────────────────┤[39m
[90m│[39m Dependency of [90m│[39m node.js                                                      [90m│[39m
[90m├───────────────[39m[90m┼──────────────────────────────────────────────────────────────┤[39m
[90m│[39m Path          [90m│[39m node.js > express > connect > send > debug                   [90m│[39m
[90m├───────────────[39m[90m┼──────────────────────────────────────────────────────────────┤[39m
[90m│[39m More info     [90m│[39m https://npmjs.com/advisories/534                             [90m│[39m
[90m└───────────────[39m[90m┴──────────────────────────────────────────────────────────────┘[39m


[90m┌──────────────────────────────────────────────────────────────────────────────┐[39m
[90m│[39m                                Manual Review                                 [90m│[39m
[90m│[39m            Some vulnerabilities require your attention to resolve            [90m│[39m
[90m│[39m                                                                              [90m│[39m
[90m│[39m         Visit https://go.npm.me/audit-guide for additional guidance          [90m│[39m
[90m└──────────────────────────────────────────────────────────────────────────────┘[39m
[90m┌───────────────[39m[90m┬──────────────────────────────────────────────────────────────┐[39m
[90m│[39m High          [90m│[39m Regular Expression Denial of Service                         [90m│[39m
[90m├───────────────[39m[90m┼──────────────────────────────────────────────────────────────┤[39m
[90m│[39m Package       [90m│[39m fresh                                                        [90m│[39m
[90m├───────────────[39m[90m┼──────────────────────────────────────────────────────────────┤[39m
[90m│[39m Patched in    [90m│[39m >= 0.5.2                                                     [90m│[39m
[90m├───────────────[39m[90m┼──────────────────────────────────────────────────────────────┤[39m
[90m│[39m Dependency of [90m│[39m node.js                                                      [90m│[39m
[90m├───────────────[39m[90m┼──────────────────────────────────────────────────────────────┤[39m
[90m│[39m Path          [90m│[39m node.js > express > connect > fresh                          [90m│[39m
[90m├───────────────[39m[90m┼──────────────────────────────────────────────────────────────┤[39m
[90m│[39m More info     [90m│[39m https://npmjs.com/advisories/526                             [90m│[39m
[90m└───────────────[39m[90m┴──────────────────────────────────────────────────────────────┘[39m
[90m┌───────────────[39m[90m┬──────────────────────────────────────────────────────────────┐[39m
[90m│[39m High          [90m│[39m Regular Expression Denial of Service                         [90m│[39m
[90m├───────────────[39m[90m┼──────────────────────────────────────────────────────────────┤[39m
[90m│[39m Package       [90m│[39m fresh                                                        [90m│[39m
[90m├───────────────[39m[90m┼──────────────────────────────────────────────────────────────┤[39m
[90m│[39m Patched in    [90m│[39m >= 0.5.2                                                     [90m│[39m
[90m├───────────────[39m[90m┼──────────────────────────────────────────────────────────────┤[39m
[90m│[39m Dependency of [90m│[39m node.js                                                      [90m│[39m
[90m├───────────────[39m[90m┼──────────────────────────────────────────────────────────────┤[39m
[90m│[39m Path          [90m│[39m node.js > express > connect > send > fresh                   [90m│[39m
[90m├───────────────[39m[90m┼──────────────────────────────────────────────────────────────┤[39m
[90m│[39m More info     [90m│[39m https://npmjs.com/advisories/526                             [90m│[39m
[90m└───────────────[39m[90m┴──────────────────────────────────────────────────────────────┘[39m
[90m┌───────────────[39m[90m┬──────────────────────────────────────────────────────────────┐[39m
[90m│[39m High          [90m│[39m Regular Expression Denial of Service                         [90m│[39m
[90m├───────────────[39m[90m┼──────────────────────────────────────────────────────────────┤[39m
[90m│[39m Package       [90m│[39m fresh                                                        [90m│[39m
[90m├───────────────[39m[90m┼──────────────────────────────────────────────────────────────┤[39m
[90m│[39m Patched in    [90m│[39m >= 0.5.2                                                     [90m│[39m
[90m├───────────────[39m[90m┼──────────────────────────────────────────────────────────────┤[39m
[90m│[39m Dependency of [90m│[39m node.js                                                      [90m│[39m
[90m├───────────────[39m[90m┼──────────────────────────────────────────────────────────────┤[39m
[90m│[39m Path          [90m│[39m node.js > express > fresh                                    [90m│[39m
[90m├───────────────[39m[90m┼──────────────────────────────────────────────────────────────┤[39m
[90m│[39m More info     [90m│[39m https://npmjs.com/advisories/526                             [90m│[39m
[90m└───────────────[39m[90m┴──────────────────────────────────────────────────────────────┘[39m
[90m┌───────────────[39m[90m┬──────────────────────────────────────────────────────────────┐[39m
[90m│[39m High          [90m│[39m Regular Expression Denial of Service                         [90m│[39m
[90m├───────────────[39m[90m┼──────────────────────────────────────────────────────────────┤[39m
[90m│[39m Package       [90m│[39m fresh                                                        [90m│[39m
[90m├───────────────[39m[90m┼──────────────────────────────────────────────────────────────┤[39m
[90m│[39m Patched in    [90m│[39m >= 0.5.2                                                     [90m│[39m
[90m├───────────────[39m[90m┼──────────────────────────────────────────────────────────────┤[39m
[90m│[39m Dependency of [90m│[39m node.js                                                      [90m│[39m
[90m├───────────────[39m[90m┼──────────────────────────────────────────────────────────────┤[39m
[90m│[39m Path          [90m│[39m node.js > express > send > fresh                             [90m│[39m
[90m├───────────────[39m[90m┼──────────────────────────────────────────────────────────────┤[39m
[90m│[39m More info     [90m│[39m https://npmjs.com/advisories/526                             [90m│[39m
[90m└───────────────[39m[90m┴──────────────────────────────────────────────────────────────┘[39m
[90m┌───────────────[39m[90m┬──────────────────────────────────────────────────────────────┐[39m
[90m│[39m High          [90m│[39m Arbitrary File Overwrite                                     [90m│[39m
[90m├───────────────[39m[90m┼──────────────────────────────────────────────────────────────┤[39m
[90m│[39m Package       [90m│[39m tar                                                          [90m│[39m
[90m├───────────────[39m[90m┼──────────────────────────────────────────────────────────────┤[39m
[90m│[39m Patched in    [90m│[39m >=2.2.2 <3.0.0 || >=4.4.2                                    [90m│[39m
[90m├───────────────[39m[90m┼──────────────────────────────────────────────────────────────┤[39m
[90m│[39m Dependency of [90m│[39m npm                                                          [90m│[39m
[90m├───────────────[39m[90m┼──────────────────────────────────────────────────────────────┤[39m
[90m│[39m Path          [90m│[39m npm > libcipm > npm-lifecycle > node-gyp > tar               [90m│[39m
[90m├───────────────[39m[90m┼──────────────────────────────────────────────────────────────┤[39m
[90m│[39m More info     [90m│[39m https://npmjs.com/advisories/803                             [90m│[39m
[90m└───────────────[39m[90m┴──────────────────────────────────────────────────────────────┘[39m
[90m┌───────────────[39m[90m┬──────────────────────────────────────────────────────────────┐[39m
[90m│[39m High          [90m│[39m Arbitrary File Overwrite                                     [90m│[39m
[90m├───────────────[39m[90m┼──────────────────────────────────────────────────────────────┤[39m
[90m│[39m Package       [90m│[39m tar                                                          [90m│[39m
[90m├───────────────[39m[90m┼──────────────────────────────────────────────────────────────┤[39m
[90m│[39m Patched in    [90m│[39m >=2.2.2 <3.0.0 || >=4.4.2                                    [90m│[39m
[90m├───────────────[39m[90m┼──────────────────────────────────────────────────────────────┤[39m
[90m│[39m Dependency of [90m│[39m npm                                                          [90m│[39m
[90m├───────────────[39m[90m┼──────────────────────────────────────────────────────────────┤[39m
[90m│[39m Path          [90m│[39m npm > libnpm > npm-lifecycle > node-gyp > tar                [90m│[39m
[90m├───────────────[39m[90m┼──────────────────────────────────────────────────────────────┤[39m
[90m│[39m More info     [90m│[39m https://npmjs.com/advisories/803                             [90m│[39m
[90m└───────────────[39m[90m┴──────────────────────────────────────────────────────────────┘[39m
[90m┌───────────────[39m[90m┬──────────────────────────────────────────────────────────────┐[39m
[90m│[39m High          [90m│[39m Arbitrary File Overwrite                                     [90m│[39m
[90m├───────────────[39m[90m┼──────────────────────────────────────────────────────────────┤[39m
[90m│[39m Package       [90m│[39m tar                                                          [90m│[39m
[90m├───────────────[39m[90m┼──────────────────────────────────────────────────────────────┤[39m
[90m│[39m Patched in    [90m│[39m >=2.2.2 <3.0.0 || >=4.4.2                                    [90m│[39m
[90m├───────────────[39m[90m┼──────────────────────────────────────────────────────────────┤[39m
[90m│[39m Dependency of [90m│[39m npm                                                          [90m│[39m
[90m├───────────────[39m[90m┼──────────────────────────────────────────────────────────────┤[39m
[90m│[39m Path          [90m│[39m npm > node-gyp > tar                                         [90m│[39m
[90m├───────────────[39m[90m┼──────────────────────────────────────────────────────────────┤[39m
[90m│[39m More info     [90m│[39m https://npmjs.com/advisories/803                             [90m│[39m
[90m└───────────────[39m[90m┴──────────────────────────────────────────────────────────────┘[39m
[90m┌───────────────[39m[90m┬──────────────────────────────────────────────────────────────┐[39m
[90m│[39m High          [90m│[39m Arbitrary File Overwrite                                     [90m│[39m
[90m├───────────────[39m[90m┼──────────────────────────────────────────────────────────────┤[39m
[90m│[39m Package       [90m│[39m tar                                                          [90m│[39m
[90m├───────────────[39m[90m┼──────────────────────────────────────────────────────────────┤[39m
[90m│[39m Patched in    [90m│[39m >=2.2.2 <3.0.0 || >=4.4.2                                    [90m│[39m
[90m├───────────────[39m[90m┼──────────────────────────────────────────────────────────────┤[39m
[90m│[39m Dependency of [90m│[39m npm                                                          [90m│[39m
[90m├───────────────[39m[90m┼──────────────────────────────────────────────────────────────┤[39m
[90m│[39m Path          [90m│[39m npm > npm-lifecycle > node-gyp > tar                         [90m│[39m
[90m├───────────────[39m[90m┼──────────────────────────────────────────────────────────────┤[39m
[90m│[39m More info     [90m│[39m https://npmjs.com/advisories/803                             [90m│[39m
[90m└───────────────[39m[90m┴──────────────────────────────────────────────────────────────┘[39m
[90m┌───────────────[39m[90m┬──────────────────────────────────────────────────────────────┐[39m
[90m│[39m High          [90m│[39m Denial-of-Service Memory Exhaustion                          [90m│[39m
[90m├───────────────[39m[90m┼──────────────────────────────────────────────────────────────┤[39m
[90m│[39m Package       [90m│[39m qs                                                           [90m│[39m
[90m├───────────────[39m[90m┼──────────────────────────────────────────────────────────────┤[39m
[90m│[39m Patched in    [90m│[39m >= 1.x                                                       [90m│[39m
[90m├───────────────[39m[90m┼──────────────────────────────────────────────────────────────┤[39m
[90m│[39m Dependency of [90m│[39m node.js                                                      [90m│[39m
[90m├───────────────[39m[90m┼──────────────────────────────────────────────────────────────┤[39m
[90m│[39m Path          [90m│[39m node.js > express > connect > qs                             [90m│[39m
[90m├───────────────[39m[90m┼──────────────────────────────────────────────────────────────┤[39m
[90m│[39m More info     [90m│[39m https://npmjs.com/advisories/29                              [90m│[39m
[90m└───────────────[39m[90m┴──────────────────────────────────────────────────────────────┘[39m
[90m┌───────────────[39m[90m┬──────────────────────────────────────────────────────────────┐[39m
[90m│[39m High          [90m│[39m Denial-of-Service Extended Event Loop Blocking               [90m│[39m
[90m├───────────────[39m[90m┼──────────────────────────────────────────────────────────────┤[39m
[90m│[39m Package       [90m│[39m qs                                                           [90m│[39m
[90m├───────────────[39m[90m┼──────────────────────────────────────────────────────────────┤[39m
[90m│[39m Patched in    [90m│[39m >= 1.x                                                       [90m│[39m
[90m├───────────────[39m[90m┼──────────────────────────────────────────────────────────────┤[39m
[90m│[39m Dependency of [90m│[39m node.js                                                      [90m│[39m
[90m├───────────────[39m[90m┼──────────────────────────────────────────────────────────────┤[39m
[90m│[39m Path          [90m│[39m node.js > express > connect > qs                             [90m│[39m
[90m├───────────────[39m[90m┼──────────────────────────────────────────────────────────────┤[39m
[90m│[39m More info     [90m│[39m https://npmjs.com/advisories/28                              [90m│[39m
[90m└───────────────[39m[90m┴──────────────────────────────────────────────────────────────┘[39m
[90m┌───────────────[39m[90m┬──────────────────────────────────────────────────────────────┐[39m
[90m│[39m High          [90m│[39m Regular Expression Denial of Service                         [90m│[39m
[90m├───────────────[39m[90m┼──────────────────────────────────────────────────────────────┤[39m
[90m│[39m Package       [90m│[39m negotiator                                                   [90m│[39m
[90m├───────────────[39m[90m┼──────────────────────────────────────────────────────────────┤[39m
[90m│[39m Patched in    [90m│[39m >= 0.6.1                                                     [90m│[39m
[90m├───────────────[39m[90m┼──────────────────────────────────────────────────────────────┤[39m
[90m│[39m Dependency of [90m│[39m node.js                                                      [90m│[39m
[90m├───────────────[39m[90m┼──────────────────────────────────────────────────────────────┤[39m
[90m│[39m Path          [90m│[39m node.js > express > connect > negotiator                     [90m│[39m
[90m├───────────────[39m[90m┼──────────────────────────────────────────────────────────────┤[39m
[90m│[39m More info     [90m│[39m https://npmjs.com/advisories/106                             [90m│[39m
[90m└───────────────[39m[90m┴──────────────────────────────────────────────────────────────┘[39m
[90m┌───────────────[39m[90m┬──────────────────────────────────────────────────────────────┐[39m
[90m│[39m Moderate      [90m│[39m Timing Attack                                                [90m│[39m
[90m├───────────────[39m[90m┼──────────────────────────────────────────────────────────────┤[39m
[90m│[39m Package       [90m│[39m cookie-signature                                             [90m│[39m
[90m├───────────────[39m[90m┼──────────────────────────────────────────────────────────────┤[39m
[90m│[39m Patched in    [90m│[39m >=1.0.6                                                      [90m│[39m
[90m├───────────────[39m[90m┼──────────────────────────────────────────────────────────────┤[39m
[90m│[39m Dependency of [90m│[39m node.js                                                      [90m│[39m
[90m├───────────────[39m[90m┼──────────────────────────────────────────────────────────────┤[39m
[90m│[39m Path          [90m│[39m node.js > express > connect > cookie-signature               [90m│[39m
[90m├───────────────[39m[90m┼──────────────────────────────────────────────────────────────┤[39m
[90m│[39m More info     [90m│[39m https://npmjs.com/advisories/134                             [90m│[39m
[90m└───────────────[39m[90m┴──────────────────────────────────────────────────────────────┘[39m
[90m┌───────────────[39m[90m┬──────────────────────────────────────────────────────────────┐[39m
[90m│[39m Moderate      [90m│[39m Timing Attack                                                [90m│[39m
[90m├───────────────[39m[90m┼──────────────────────────────────────────────────────────────┤[39m
[90m│[39m Package       [90m│[39m cookie-signature                                             [90m│[39m
[90m├───────────────[39m[90m┼──────────────────────────────────────────────────────────────┤[39m
[90m│[39m Patched in    [90m│[39m >=1.0.6                                                      [90m│[39m
[90m├───────────────[39m[90m┼──────────────────────────────────────────────────────────────┤[39m
[90m│[39m Dependency of [90m│[39m node.js                                                      [90m│[39m
[90m├───────────────[39m[90m┼──────────────────────────────────────────────────────────────┤[39m
[90m│[39m Path          [90m│[39m node.js > express > cookie-signature                         [90m│[39m
[90m├───────────────[39m[90m┼──────────────────────────────────────────────────────────────┤[39m
[90m│[39m More info     [90m│[39m https://npmjs.com/advisories/134                             [90m│[39m
[90m└───────────────[39m[90m┴──────────────────────────────────────────────────────────────┘[39m
[90m┌───────────────[39m[90m┬──────────────────────────────────────────────────────────────┐[39m
[90m│[39m Low           [90m│[39m Directory Traversal                                          [90m│[39m
[90m├───────────────[39m[90m┼──────────────────────────────────────────────────────────────┤[39m
[90m│[39m Package       [90m│[39m send                                                         [90m│[39m
[90m├───────────────[39m[90m┼──────────────────────────────────────────────────────────────┤[39m
[90m│[39m Patched in    [90m│[39m >= 0.8.4                                                     [90m│[39m
[90m├───────────────[39m[90m┼──────────────────────────────────────────────────────────────┤[39m
[90m│[39m Dependency of [90m│[39m node.js                                                      [90m│[39m
[90m├───────────────[39m[90m┼──────────────────────────────────────────────────────────────┤[39m
[90m│[39m Path          [90m│[39m node.js > express > connect > send                           [90m│[39m
[90m├───────────────[39m[90m┼──────────────────────────────────────────────────────────────┤[39m
[90m│[39m More info     [90m│[39m https://npmjs.com/advisories/32                              [90m│[39m
[90m└───────────────[39m[90m┴──────────────────────────────────────────────────────────────┘[39m
[90m┌───────────────[39m[90m┬──────────────────────────────────────────────────────────────┐[39m
[90m│[39m Low           [90m│[39m Directory Traversal                                          [90m│[39m
[90m├───────────────[39m[90m┼──────────────────────────────────────────────────────────────┤[39m
[90m│[39m Package       [90m│[39m send                                                         [90m│[39m
[90m├───────────────[39m[90m┼──────────────────────────────────────────────────────────────┤[39m
[90m│[39m Patched in    [90m│[39m >= 0.8.4                                                     [90m│[39m
[90m├───────────────[39m[90m┼──────────────────────────────────────────────────────────────┤[39m
[90m│[39m Dependency of [90m│[39m node.js                                                      [90m│[39m
[90m├───────────────[39m[90m┼──────────────────────────────────────────────────────────────┤[39m
[90m│[39m Path          [90m│[39m node.js > express > send                                     [90m│[39m
[90m├───────────────[39m[90m┼──────────────────────────────────────────────────────────────┤[39m
[90m│[39m More info     [90m│[39m https://npmjs.com/advisories/32                              [90m│[39m
[90m└───────────────[39m[90m┴──────────────────────────────────────────────────────────────┘[39m
[90m┌───────────────[39m[90m┬──────────────────────────────────────────────────────────────┐[39m
[90m│[39m Low           [90m│[39m Root Path Disclosure                                         [90m│[39m
[90m├───────────────[39m[90m┼──────────────────────────────────────────────────────────────┤[39m
[90m│[39m Package       [90m│[39m send                                                         [90m│[39m
[90m├───────────────[39m[90m┼──────────────────────────────────────────────────────────────┤[39m
[90m│[39m Patched in    [90m│[39m >=0.11.1                                                     [90m│[39m
[90m├───────────────[39m[90m┼──────────────────────────────────────────────────────────────┤[39m
[90m│[39m Dependency of [90m│[39m node.js                                                      [90m│[39m
[90m├───────────────[39m[90m┼──────────────────────────────────────────────────────────────┤[39m
[90m│[39m Path          [90m│[39m node.js > express > connect > send                           [90m│[39m
[90m├───────────────[39m[90m┼──────────────────────────────────────────────────────────────┤[39m
[90m│[39m More info     [90m│[39m https://npmjs.com/advisories/56                              [90m│[39m
[90m└───────────────[39m[90m┴──────────────────────────────────────────────────────────────┘[39m
[90m┌───────────────[39m[90m┬──────────────────────────────────────────────────────────────┐[39m
[90m│[39m Low           [90m│[39m Root Path Disclosure                                         [90m│[39m
[90m├───────────────[39m[90m┼──────────────────────────────────────────────────────────────┤[39m
[90m│[39m Package       [90m│[39m send                                                         [90m│[39m
[90m├───────────────[39m[90m┼──────────────────────────────────────────────────────────────┤[39m
[90m│[39m Patched in    [90m│[39m >=0.11.1                                                     [90m│[39m
[90m├───────────────[39m[90m┼──────────────────────────────────────────────────────────────┤[39m
[90m│[39m Dependency of [90m│[39m node.js                                                      [90m│[39m
[90m├───────────────[39m[90m┼──────────────────────────────────────────────────────────────┤[39m
[90m│[39m Path          [90m│[39m node.js > express > send                                     [90m│[39m
[90m├───────────────[39m[90m┼──────────────────────────────────────────────────────────────┤[39m
[90m│[39m More info     [90m│[39m https://npmjs.com/advisories/56                              [90m│[39m
[90m└───────────────[39m[90m┴──────────────────────────────────────────────────────────────┘[39m
[90m┌───────────────[39m[90m┬──────────────────────────────────────────────────────────────┐[39m
[90m│[39m Moderate      [90m│[39m Regular Expression Denial of Service                         [90m│[39m
[90m├───────────────[39m[90m┼──────────────────────────────────────────────────────────────┤[39m
[90m│[39m Package       [90m│[39m mime                                                         [90m│[39m
[90m├───────────────[39m[90m┼──────────────────────────────────────────────────────────────┤[39m
[90m│[39m Patched in    [90m│[39m >= 1.4.1 < 2.0.0 || >= 2.0.3                                 [90m│[39m
[90m├───────────────[39m[90m┼──────────────────────────────────────────────────────────────┤[39m
[90m│[39m Dependency of [90m│[39m node.js                                                      [90m│[39m
[90m├───────────────[39m[90m┼──────────────────────────────────────────────────────────────┤[39m
[90m│[39m Path          [90m│[39m node.js > express > connect > send > mime                    [90m│[39m
[90m├───────────────[39m[90m┼──────────────────────────────────────────────────────────────┤[39m
[90m│[39m More info     [90m│[39m https://npmjs.com/advisories/535                             [90m│[39m
[90m└───────────────[39m[90m┴──────────────────────────────────────────────────────────────┘[39m
[90m┌───────────────[39m[90m┬──────────────────────────────────────────────────────────────┐[39m
[90m│[39m Moderate      [90m│[39m Regular Expression Denial of Service                         [90m│[39m
[90m├───────────────[39m[90m┼──────────────────────────────────────────────────────────────┤[39m
[90m│[39m Package       [90m│[39m mime                                                         [90m│[39m
[90m├───────────────[39m[90m┼──────────────────────────────────────────────────────────────┤[39m
[90m│[39m Patched in    [90m│[39m >= 1.4.1 < 2.0.0 || >= 2.0.3                                 [90m│[39m
[90m├───────────────[39m[90m┼──────────────────────────────────────────────────────────────┤[39m
[90m│[39m Dependency of [90m│[39m node.js                                                      [90m│[39m
[90m├───────────────[39m[90m┼──────────────────────────────────────────────────────────────┤[39m
[90m│[39m Path          [90m│[39m node.js > express > send > mime                              [90m│[39m
[90m├───────────────[39m[90m┼──────────────────────────────────────────────────────────────┤[39m
[90m│[39m More info     [90m│[39m https://npmjs.com/advisories/535                             [90m│[39m
[90m└───────────────[39m[90m┴──────────────────────────────────────────────────────────────┘[39m
[90m┌───────────────[39m[90m┬──────────────────────────────────────────────────────────────┐[39m
[90m│[39m Low           [90m│[39m Regular Expression Denial of Service                         [90m│[39m
[90m├───────────────[39m[90m┼──────────────────────────────────────────────────────────────┤[39m
[90m│[39m Package       [90m│[39m debug                                                        [90m│[39m
[90m├───────────────[39m[90m┼──────────────────────────────────────────────────────────────┤[39m
[90m│[39m Patched in    [90m│[39m >= 2.6.9 < 3.0.0 || >= 3.1.0                                 [90m│[39m
[90m├───────────────[39m[90m┼──────────────────────────────────────────────────────────────┤[39m
[90m│[39m Dependency of [90m│[39m node.js                                                      [90m│[39m
[90m├───────────────[39m[90m┼──────────────────────────────────────────────────────────────┤[39m
[90m│[39m Path          [90m│[39m node.js > express > connect > debug                          [90m│[39m
[90m├───────────────[39m[90m┼──────────────────────────────────────────────────────────────┤[39m
[90m│[39m More info     [90m│[39m https://npmjs.com/advisories/534                             [90m│[39m
[90m└───────────────[39m[90m┴──────────────────────────────────────────────────────────────┘[39m
[90m┌───────────────[39m[90m┬──────────────────────────────────────────────────────────────┐[39m
[90m│[39m Low           [90m│[39m Regular Expression Denial of Service                         [90m│[39m
[90m├───────────────[39m[90m┼──────────────────────────────────────────────────────────────┤[39m
[90m│[39m Package       [90m│[39m debug                                                        [90m│[39m
[90m├───────────────[39m[90m┼──────────────────────────────────────────────────────────────┤[39m
[90m│[39m Patched in    [90m│[39m >= 2.6.9 < 3.0.0 || >= 3.1.0                                 [90m│[39m
[90m├───────────────[39m[90m┼──────────────────────────────────────────────────────────────┤[39m
[90m│[39m Dependency of [90m│[39m node.js                                                      [90m│[39m
[90m├───────────────[39m[90m┼──────────────────────────────────────────────────────────────┤[39m
[90m│[39m Path          [90m│[39m node.js > express > debug                                    [90m│[39m
[90m├───────────────[39m[90m┼──────────────────────────────────────────────────────────────┤[39m
[90m│[39m More info     [90m│[39m https://npmjs.com/advisories/534                             [90m│[39m
[90m└───────────────[39m[90m┴──────────────────────────────────────────────────────────────┘[39m
[90m┌───────────────[39m[90m┬──────────────────────────────────────────────────────────────┐[39m
[90m│[39m Moderate      [90m│[39m No Charset in Content-Type Header                            [90m│[39m
[90m├───────────────[39m[90m┼──────────────────────────────────────────────────────────────┤[39m
[90m│[39m Package       [90m│[39m express                                                      [90m│[39m
[90m├───────────────[39m[90m┼──────────────────────────────────────────────────────────────┤[39m
[90m│[39m Patched in    [90m│[39m >=3.11 <4 || >=4.5                                           [90m│[39m
[90m├───────────────[39m[90m┼──────────────────────────────────────────────────────────────┤[39m
[90m│[39m Dependency of [90m│[39m node.js                                                      [90m│[39m
[90m├───────────────[39m[90m┼──────────────────────────────────────────────────────────────┤[39m
[90m│[39m Path          [90m│[39m node.js > express                                            [90m│[39m
[90m├───────────────[39m[90m┼──────────────────────────────────────────────────────────────┤[39m
[90m│[39m More info     [90m│[39m https://npmjs.com/advisories/8                               [90m│[39m
[90m└───────────────[39m[90m┴──────────────────────────────────────────────────────────────┘[39m
[90m┌───────────────[39m[90m┬──────────────────────────────────────────────────────────────┐[39m
[90m│[39m Low           [90m│[39m Regular Expression Denial of Service                         [90m│[39m
[90m├───────────────[39m[90m┼──────────────────────────────────────────────────────────────┤[39m
[90m│[39m Package       [90m│[39m braces                                                       [90m│[39m
[90m├───────────────[39m[90m┼──────────────────────────────────────────────────────────────┤[39m
[90m│[39m Patched in    [90m│[39m >=2.3.1                                                      [90m│[39m
[90m├───────────────[39m[90m┼──────────────────────────────────────────────────────────────┤[39m
[90m│[39m Dependency of [90m│[39m babel-cli [dev]                                              [90m│[39m
[90m├───────────────[39m[90m┼──────────────────────────────────────────────────────────────┤[39m
[90m│[39m Path          [90m│[39m babel-cli > chokidar > anymatch > micromatch > braces        [90m│[39m
[90m├───────────────[39m[90m┼──────────────────────────────────────────────────────────────┤[39m
[90m│[39m More info     [90m│[39m https://npmjs.com/advisories/786                             [90m│[39m
[90m└───────────────[39m[90m┴──────────────────────────────────────────────────────────────┘[39m
found 24 vulnerabilities (8 low, 5 moderate, 11 high) in 19000 scanned packages
  run `npm audit fix` to fix 1 of them.
  23 vulnerabilities require manual review. See the full report for details.
